Requirement already satisfied: flask in /workspace/.pyenv_mirror/user/current/lib/python3.8/site-packages (from -r requirements.txt (line 1)) (2.2.3)
Requirement already satisfied: flask-cors in /workspace/.pyenv_mirror/user/current/lib/python3.8/site-packages (from -r requirements.txt (line 2)) (3.0.10)
Requirement already satisfied: opentelemetry-api in /workspace/.pyenv_mirror/user/current/lib/python3.8/site-packages (from -r requirements.txt (line 3)) (1.16.0)
Requirement already satisfied: opentelemetry-sdk in /workspace/.pyenv_mirror/user/current/lib/python3.8/site-packages (from -r requirements.txt (line 4)) (1.16.0)
Requirement already satisfied: opentelemetry-exporter-otlp-proto-http in /workspace/.pyenv_mirror/user/current/lib/python3.8/site-packages (from -r requirements.txt (line 5)) (1.16.0)
Requirement already satisfied: opentelemetry-instrumentation-flask in /workspace/.pyenv_mirror/user/current/lib/python3.8/site-packages (from -r requirements.txt (line 6)) (0.37b0)
Requirement already satisfied: opentelemetry-instrumentation-requests in /workspace/.pyenv_mirror/user/current/lib/python3.8/site-packages (from -r requirements.txt (line 7)) (0.37b0)
Requirement already satisfied: aws-xray-sdk in /workspace/.pyenv_mirror/user/current/lib/python3.8/site-packages (from -r requirements.txt (line 9)) (2.11.0)
Requirement already satisfied: watchtower in /workspace/.pyenv_mirror/user/current/lib/python3.8/site-packages (from -r requirements.txt (line 10)) (3.0.1)
Collecting cloudwatch
  Downloading cloudwatch-1.0.5.tar.gz (5.3 kB)
  Preparing metadata (setup.py): started
  Preparing metadata (setup.py): finished with status 'done'
Requirement already satisfied: Jinja2>=3.0 in /home/gitpod/.pyenv/versions/3.8.16/lib/python3.8/site-packages (from flask->-r requirements.txt (line 1)) (3.1.2)
Requirement already satisfied: itsdangerous>=2.0 in /workspace/.pyenv_mirror/user/current/lib/python3.8/site-packages (from flask->-r requirements.txt (line 1)) (2.1.2)
Requirement already satisfied: click>=8.0 in /workspace/.pyenv_mirror/user/current/lib/python3.8/site-packages (from flask->-r requirements.txt (line 1)) (8.1.3)
Requirement already satisfied: importlib-metadata>=3.6.0 in /home/gitpod/.pyenv/versions/3.8.16/lib/python3.8/site-packages (from flask->-r requirements.txt (line 1)) (6.0.0)
Requirement already satisfied: Werkzeug>=2.2.2 in /workspace/.pyenv_mirror/user/current/lib/python3.8/site-packages (from flask->-r requirements.txt (line 1)) (2.2.3)
Requirement already satisfied: Six in /home/gitpod/.pyenv/versions/3.8.16/lib/python3.8/site-packages (from flask-cors->-r requirements.txt (line 2)) (1.16.0)
Requirement already satisfied: deprecated>=1.2.6 in /workspace/.pyenv_mirror/user/current/lib/python3.8/site-packages (from opentelemetry-api->-r requirements.txt (line 3)) (1.2.13)
Requirement already satisfied: setuptools>=16.0 in /home/gitpod/.pyenv/versions/3.8.16/lib/python3.8/site-packages (from opentelemetry-api->-r requirements.txt (line 3)) (65.6.3)
Requirement already satisfied: opentelemetry-semantic-conventions==0.37b0 in /workspace/.pyenv_mirror/user/current/lib/python3.8/site-packages (from opentelemetry-sdk->-r requirements.txt (line 4)) (0.37b0)
Requirement already satisfied: typing-extensions>=3.7.4 in /home/gitpod/.pyenv/versions/3.8.16/lib/python3.8/site-packages (from opentelemetry-sdk->-r requirements.txt (line 4)) (4.4.0)
Requirement already satisfied: requests~=2.7 in /home/gitpod/.pyenv/versions/3.8.16/lib/python3.8/site-packages (from opentelemetry-exporter-otlp-proto-http->-r requirements.txt (line 5)) (2.28.1)
Requirement already satisfied: backoff<3.0.0,>=1.10.0 in /workspace/.pyenv_mirror/user/current/lib/python3.8/site-packages (from opentelemetry-exporter-otlp-proto-http->-r requirements.txt (line 5)) (2.2.1)
Requirement already satisfied: opentelemetry-proto==1.16.0 in /workspace/.pyenv_mirror/user/current/lib/python3.8/site-packages (from opentelemetry-exporter-otlp-proto-http->-r requirements.txt (line 5)) (1.16.0)
Requirement already satisfied: googleapis-common-protos~=1.52 in /workspace/.pyenv_mirror/user/current/lib/python3.8/site-packages (from opentelemetry-exporter-otlp-proto-http->-r requirements.txt (line 5)) (1.58.0)
Requirement already satisfied: protobuf<5.0,>=3.19 in /workspace/.pyenv_mirror/user/current/lib/python3.8/site-packages (from opentelemetry-proto==1.16.0->opentelemetry-exporter-otlp-proto-http->-r requirements.txt (line 5)) (4.22.0)
Requirement already satisfied: opentelemetry-instrumentation-wsgi==0.37b0 in /workspace/.pyenv_mirror/user/current/lib/python3.8/site-packages (from opentelemetry-instrumentation-flask->-r requirements.txt (line 6)) (0.37b0)
Requirement already satisfied: opentelemetry-instrumentation==0.37b0 in /workspace/.pyenv_mirror/user/current/lib/python3.8/site-packages (from opentelemetry-instrumentation-flask->-r requirements.txt (line 6)) (0.37b0)
Requirement already satisfied: opentelemetry-util-http==0.37b0 in /workspace/.pyenv_mirror/user/current/lib/python3.8/site-packages (from opentelemetry-instrumentation-flask->-r requirements.txt (line 6)) (0.37b0)
Requirement already satisfied: wrapt<2.0.0,>=1.0.0 in /home/gitpod/.pyenv/versions/3.8.16/lib/python3.8/site-packages (from opentelemetry-instrumentation==0.37b0->opentelemetry-instrumentation-flask->-r requirements.txt (line 6)) (1.14.1)
Requirement already satisfied: botocore>=1.11.3 in /workspace/.pyenv_mirror/user/current/lib/python3.8/site-packages (from aws-xray-sdk->-r requirements.txt (line 9)) (1.29.82)
Requirement already satisfied: boto3<2,>=1.9.253 in /workspace/.pyenv_mirror/user/current/lib/python3.8/site-packages (from watchtower->-r requirements.txt (line 10)) (1.26.82)
Requirement already satisfied: s3transfer<0.7.0,>=0.6.0 in /workspace/.pyenv_mirror/user/current/lib/python3.8/site-packages (from boto3<2,>=1.9.253->watchtower->-r requirements.txt (line 10)) (0.6.0)
Requirement already satisfied: jmespath<2.0.0,>=0.7.1 in /workspace/.pyenv_mirror/user/current/lib/python3.8/site-packages (from boto3<2,>=1.9.253->watchtower->-r requirements.txt (line 10)) (1.0.1)
Requirement already satisfied: urllib3<1.27,>=1.25.4 in /home/gitpod/.pyenv/versions/3.8.16/lib/python3.8/site-packages (from botocore>=1.11.3->aws-xray-sdk->-r requirements.txt (line 9)) (1.26.13)
Requirement already satisfied: python-dateutil<3.0.0,>=2.1 in /home/gitpod/.pyenv/versions/3.8.16/lib/python3.8/site-packages (from botocore>=1.11.3->aws-xray-sdk->-r requirements.txt (line 9)) (2.8.2)
Requirement already satisfied: zipp>=0.5 in /home/gitpod/.pyenv/versions/3.8.16/lib/python3.8/site-packages (from importlib-metadata>=3.6.0->flask->-r requirements.txt (line 1)) (3.11.0)
Requirement already satisfied: MarkupSafe>=2.0 in /home/gitpod/.pyenv/versions/3.8.16/lib/python3.8/site-packages (from Jinja2>=3.0->flask->-r requirements.txt (line 1)) (2.1.1)
Requirement already satisfied: charset-normalizer<3,>=2 in /home/gitpod/.pyenv/versions/3.8.16/lib/python3.8/site-packages (from requests~=2.7->opentelemetry-exporter-otlp-proto-http->-r requirements.txt (line 5)) (2.1.1)
Requirement already satisfied: certifi>=2017.4.17 in /home/gitpod/.pyenv/versions/3.8.16/lib/python3.8/site-packages (from requests~=2.7->opentelemetry-exporter-otlp-proto-http->-r requirements.txt (line 5)) (2022.12.7)
Requirement already satisfied: idna<4,>=2.5 in /home/gitpod/.pyenv/versions/3.8.16/lib/python3.8/site-packages (from requests~=2.7->opentelemetry-exporter-otlp-proto-http->-r requirements.txt (line 5)) (3.4)
Building wheels for collected packages: cloudwatch
  Building wheel for cloudwatch (setup.py): started
  Building wheel for cloudwatch (setup.py): finished with status 'done'
  Created wheel for cloudwatch: filename=cloudwatch-1.0.5-py3-none-any.whl size=5607 sha256=8a64a9b205d1422740a251d87887702efe1df421c85d0f2037a9c38c94ae3d3d
  Stored in directory: /workspace/.pyenv_mirror/pip_cache/wheels/8f/3e/90/44236645837cb2692f32219f8c8818518bae5922cb730d829a
Successfully built cloudwatch
Installing collected packages: cloudwatch
Successfully installed cloudwatch-1.0.5
